<?xml version="1.0" encoding="UTF-8"?>
<!-- Generated by org.testng.reporters.JUnitReportReporter -->
<testsuite skipped="0" hostname="DESKTOP-UUA41H2" name="com.hrms.testcases.LoginTest" tests="3" failures="0" timestamp="2020-05-30T14:11:43 EDT" time="51.415" errors="0">
  <testcase name="validAdminLogin" time="18.466" classname="com.hrms.testcases.LoginTest"/>
  <system-out/>
  <testcase name="emptyUsernameLogin" time="16.053" classname="com.hrms.testcases.LoginTest"/>
  <system-out/>
  <testcase name="invalidPasswordLogin" time="16.896" classname="com.hrms.testcases.LoginTest"/>
  <system-out/>
</testsuite> <!-- com.hrms.testcases.LoginTest -->
